C51 COMPILER V9.54   MODE                                                                  06/08/2022 20:38:58 PAGE 1   


C51 COMPILER V9.54, COMPILATION OF MODULE MODE
OBJECT MODULE PLACED IN .\Objects\mode.obj
COMPILER INVOKED BY: D:\keil5\C51\BIN\C51.EXE mode.c OPTIMIZE(8,SPEED) BROWSE DEBUG OBJECTEXTEND PRINT(.\Listings\mode.l
                    -st) TABS(2) OBJECT(.\Objects\mode.obj)

line level    source

   1          #include <REGX52.H>
   2          #include "Delay.h"
   3          
   4          unsigned int FY;//模式变量，为0时弹奏模式，为1时播放模式
   5          unsigned int mode()
   6          {
   7   1          if(P3_3==0){
   8   2              Delay(20);while(P3_3==0);Delay(20);//消抖
   9   2              FY = 0;
  10   2          } 
  11   1          else if(P3_2==0){
  12   2              Delay(20);while(P3_2==0);Delay(20);//消抖 
  13   2              FY = 1; 
  14   2          }     
  15   1          return FY;
  16   1          
  17   1      }


MODULE INFORMATION:   STATIC OVERLAYABLE
   CODE SIZE        =     58    ----
   CONSTANT SIZE    =   ----    ----
   XDATA SIZE       =   ----    ----
   PDATA SIZE       =   ----    ----
   DATA SIZE        =      2    ----
   IDATA SIZE       =   ----    ----
   BIT SIZE         =   ----    ----
END OF MODULE INFORMATION.


C51 COMPILATION COMPLETE.  0 WARNING(S),  0 ERROR(S)
