C51 COMPILER V9.54   MAIN                                                                  06/15/2022 15:42:02 PAGE 1   


C51 COMPILER V9.54, COMPILATION OF MODULE MAIN
OBJECT MODULE PLACED IN .\Objects\main.obj
COMPILER INVOKED BY: D:\keil5\C51\BIN\C51.EXE main.c OPTIMIZE(8,SPEED) BROWSE DEBUG OBJECTEXTEND PRINT(.\Listings\main.l
                    -st) TABS(2) OBJECT(.\Objects\main.obj)

line level    source

   1          #include <REGX52.H>
   2          #include "Delay.h"        //å»¶æ—¶å‡½æ•°æ¨¡å—
   3          #include "LCD1602.h"      //LCD1602æ˜¾ç¤ºæ¨¡å—
   4          #include "MatrixKey.h"    //çŸ©é˜µé”®ç›˜æ¨¡å—
   5          #include "MODE.h"         //æ¨¡å¼é€‰æ‹©æ¨¡å—
   6          #include "Buzzer.h"       //èœ‚é¸£å™¨æ¨¡å—ï¼ˆé’ˆå¯¹Manualæ‰‹åŠ¨æ¨¡å¼ï¼‰
   7          #include "Timer0.h"       //å®šæ—¶å™¨æ¨¡å—ï¼ˆé’ˆå¯¹AutoPlayæ¨¡å¼ï¼Œåˆå§‹åŒ–ï¼‰
   8          
   9          //å®å®šä¹‰AutoFreq[]é¢‘ç‡ç´¢å¼•ä¸ºéŸ³ç¬¦ï¼Œæ–¹ä¾¿è¯†è°±,åˆ†åˆ«ä¸ºLã€Mã€Hï¼Œ
  10          #define P0  0 //ä¼‘æ­¢ç¬¦
  11          #define L1  1 //ä½éŸ³L
  12          #define L1_ 2 //'_'è¡¨ç¤ºå‡åŠéŸ³
  13          #define L2  3
  14          #define L2_ 4
  15          #define L3  5
  16          #define L4  6
  17          #define L4_ 7
  18          #define L5  8
  19          #define L5_ 9
  20          #define L6  10
  21          #define L6_ 11
  22          #define L7  12
  23          #define M1  13  //ä¸­éŸ³M
  24          #define M1_ 14
  25          #define M2  15
  26          #define M2_ 16
  27          #define M3  17
  28          #define M4  18
  29          #define M4_ 19
  30          #define M5  20
  31          #define M5_ 21
  32          #define M6  22
  33          #define M6_ 23  
  34          #define M7  24
  35          #define H1  25  //é«˜éŸ³H
  36          #define H1_ 26
  37          #define H2  27
  38          #define H2_ 28
  39          #define H3  29
  40          #define H4  30  
  41          #define H4_ 31
  42          #define H5  32  
  43          #define H5_ 33
  44          #define H6  34
  45          #define H6_ 35
  46          #define H7  36
  47          
  48          #define SPEED   500 //å®å®šä¹‰å››åˆ†éŸ³ç¬¦æ—¶å¸¸ä¸º500ms
  49          sbit Buzzer=P3^7;
  50          sbit LED1=P3^5; //æ‰‹åŠ¨æ¨¡å¼æŒ‡ç¤ºç¯manual
  51          sbit LED2=P3^4; //è‡ªåŠ¨æ¨¡å¼æŒ‡ç¤ºç¯auto
  52          
  53          //æ‰‹åŠ¨æ¼”å¥æ¨¡å—
  54          unsigned int ManFreq[]={0,190,170,151,143,127,113,100,95,   //ç¬¬0ä½ä¸ºç©ºï¼Œä¹‹åæ¯ä¸€ä½åˆ†åˆ«ä¸æŒ‰é”
C51 COMPILER V9.54   MAIN                                                                  06/15/2022 15:42:02 PAGE 2   

             -®åºå·å¯¹åº”
  55                                     95, 85, 75, 71, 63, 56, 50,47};  //å¼¹å¥å¯¹åº”çš„16ä¸ªå…±15ç§é¢‘ç‡ï¼ˆå·²è½¬ä¸ºå‘¨æœŸå½¢å¼
             -ï¼‰
  56          unsigned char code ManF_Node[][10]={"000","do-","re-","mi-","fa-","so-","la-","si-","do ",
  57                                            "do ","re ","mi ","fa ","so ","la ","si ","do+"};//é¢‘ç‡å¯¹åº”çš„éŸ³ç¬¦
  58          
  59          void ManualPlay(unsigned int KeyNum)
  60          {
  61   1          LCD_ShowString(1,1,"Manual:         ");       
  62   1          if(KeyNum)
  63   1          {
  64   2              LCD_ShowString(2,1,"                  ");       
  65   2              LCD_ShowNum(2,1,KeyNum,2);
  66   2              LCD_ShowString(2,4,ManF_Node[KeyNum]);
  67   2              Buzzer_Freq(ManFreq[KeyNum]);//å»¶æ—¶å‡½æ•°åœ¨æ–‡ä»¶ 
  68   2          }
  69   1      }   
  70          
  71          //è‡ªåŠ¨æ’­æ”¾æ¨¡å—
  72          unsigned char FreqSelect;
  73          unsigned int code AutoFreq[]={//åŸºäºCå¤§è°ƒ
  74              0,//ä¼‘æ­¢ç¬¦
  75              63628,63731,63835,63928,64021,64103,64185,64260,64331,64400,64463,64528,//ä½éŸ³
  76              64582,64633,64686,64732,64778,64820,64860,64898,64934,64968,65000,65032,//ä¸­éŸ³
  77              65059,65085,65111,65134,65157,65178,65198,65217,65235,65252,65268,65284 //é«˜éŸ³
  78          };
  79          
  80          //ä»¥16åˆ†éŸ³ç¬¦ä¸ºåŸºå‡†æ—¶é•¿è®°ä¸º1,éŸ³ç¬¦åçš„æ•°å€¼è¡¨ç¤ºéŸ³é«˜æŒç»­æ—¶é—´
  81          //Music1ã€Šå¤©ç©ºä¹‹åŸã€‹
  82          unsigned char code Music1[]={   //(éŸ³é«˜ï¼Œæ—¶é•¿ï¼‰
  83          //1
  84              P0,4,P0,4,P0,4,M6,2,M7,2,   //æ¯ä¸€è¡Œä¸ºä¸€å°èŠ‚,
  85              H1,4+2,M7,2,H1,4,H3,4,
  86              M7,4+4+4,M3,2,M3,2, 
  87          //2
  88              M6,4+2,M5,2,M6,4,H1,4,    
  89              M5,4+4+4,M3,4,    
  90              M4,4+2,M3,2,M4,4,H1,4,
  91          //3
  92              M3,4+4,P0,2,H1,2,H1,2,H1,2,   
  93              M7,4+2,M4_,2,M4_,4,M7,4,    
  94              M7,4+4,P0,4,M6,2,M7,2,
  95          //4
  96              H1,4+2,M7,2,H1,4,H3,4,    
  97              M7,4+4+4,M3,2,M3,2,   
  98              M6,4+2,M5,2,M6,4,H1,6,
  99          //5
 100              M5,4+4+4,M2,2,M3,2,   
 101              M4,4,H1,2,M7,2+2,H1,2+4,    
 102              H2,2,H2,2,H3,2,H1,2+4+4,
 103          //6
 104              H1,2,M7,2,M6,2,M6,2,M7,4,M5_,4,   
 105              M6,4+4+4,H1,2,H2,2,   
 106              H3,4+2,H2,2,H3,4,H5,4,
 107          //7
 108              H2,4+4+4,M5,2,M5,2,   
 109              H1,4+2,M7,2,H1,4,H3,4,    
 110              H3,4+4+4,
 111          //8
 112              M6,2,M7,2,H1,4,M7,4,H2,2,H2,2,    
 113              H1,4+2,M5,2+4+4,    
 114              H4,4,H3,4,H2,4,H1,4,  
C51 COMPILER V9.54   MAIN                                                                  06/15/2022 15:42:02 PAGE 3   

 115          //9
 116              H3,4+4+4,H3,4,    
 117              H6,4+4,H5,4,H5,4,   
 118              H3,2,H2,2,H1,4+4,P0,2,H1,2,
 119          //10
 120              H2,4,H1,2,H2,2,H2,4,H5,4,   
 121              H3,4+4+4,H3,4,    
 122              H6,4+4,H5,4+4,
 123          //11
 124              H3,2,H2,2,H1,4+4,P0,2,H1,2,   
 125              H2,4,H1,2,H2,2+4,M7,4,    
 126              M6,4+4+4,M6,2,M7,2,
 127            
 128              0xff //ç»“æŸ
 129          };
 130          //Music2 ã€Šæˆ‘çš„ç¥–å›½ã€‹
 131          unsigned char code Music2[]={   //(éŸ³é«˜ï¼Œæ—¶é•¿ï¼‰
 132          //1
 133              M1,2,M2,2,L6,2,L5,2,M5,6,M6,2,//æ¯ä¸€è¡Œä¸ºä¸€å°èŠ‚,
 134              M3,2,M5,2,H1,2,M6,2,M5,8,
 135              M5,4,M6,2,M5,2,M3,2,M2,2,M3,4,
 136              M5,2,M3,2,L6,2,M1,2,M2,8,
 137          //2
 138              M2,2,M5,2,M3,2,M1,2,L6,4,L5,2,L6,2,
 139              M2,2,M6,2,M5,2,M6,2,M3,6,M2,2,
 140              M1,2,M2,1,M2,1,M3,2,M5,1,M5,1,H1,2,M6,2,M5,4,
 141          //3
 142              M5,2,L6,2,M1,2,M2,2,M4,6,M6,1,M6,1,
 143              M5,3,M6,1,M3,2,M2,2,M1,8,
 144              M1,8,P0,4,M5,2,M5,2,
 145              H1,8,H2,6,H1,2,
 146              M6,2,H1,2,M5,2,M7,2,M6,8,
 147          //4
 148              M5,4,M3,4,H1,4,M6,3,M6,1,
 149              M5,2,M6,2,M1,2,M2,2,M3,8,
 150              M3,4,M3,2,M5,2,M6,4,M6,2,H1,2,
 151              H2,4,H3,2,H1,2,H2,4+2,H1,2,
 152          //5
 153              H2,2,M3,2,M5,2,M6,2,M7,2,H2,1,H2,1,M6,2,M7,2,
 154              M5,16,
 155              H2,2,M7,2,M6,2,M5,2,M3,2,M5,1,M5,1,M6,2,H2,2,
 156              H1,16,
 157              
 158                0xff //ç»“æŸ
 159          };
 160          
 161          //Music3 ã€Šå‰å‰å‰ä¸–ã€‹
 162          unsigned char code Music3[]={   //(éŸ³é«˜ï¼Œæ—¶é•¿ï¼‰
 163          //1
 164              M1,1,M2,1,M3,2,H1,2,M5,2,H2,3,M5,1,H3,1,M5,1,H5,2,
 165              H5,2,H1,2,H3,2,H1,2,H4,2,H3,2,H1,4,
 166              M1,1,M2,1,M3,2,H1,2,M5,2,H2,3,M5,1,H3,1,M5,1,H5,2,
 167              H5,2,H1,2,H3,2,H1,2,H4,2,H3,2,H1,4,
 168              
 169                0xff //ç»“æŸ
 170          };
 171          
 172          void Autoplay(unsigned int Key)
 173          {
 174   1          if(Key==1)//æ’­æ”¾ Music1
 175   1          {
 176   2              unsigned char MusicSelect=0;
C51 COMPILER V9.54   MAIN                                                                  06/15/2022 15:42:02 PAGE 4   

 177   2              while(LED2==0 && Key==1)
 178   2              {       
 179   3                  LCD_ShowString(2,1,"Music1: ~~       ");            
 180   3                  if(Music1[MusicSelect]!=0xff)//åˆ¤æ–­æ˜¯å¦ç»“æŸ
 181   3                  {
 182   4                      FreqSelect=Music1[MusicSelect];
 183   4                      MusicSelect++;
 184   4                      Delay(SPEED/4*Music1[MusicSelect]);//éŸ³ç¬¦å»¶æ—¶
 185   4                      MusicSelect++;
 186   4                      TR0=0;  //å®šæ—¶å™¨å…³é—­
 187   4                      Delay(5);
 188   4                      TR0=1;  //å®šæ—¶å™¨æ‰“å¼€ï¼ˆæ­¤æ“ä½œéš”ç¦»éŸ³ç¬¦ï¼‰
 189   4                  }
 190   3                  else //é€€å‡º
 191   3                  {
 192   4                      TR0=0; //å®šæ—¶å™¨å…³é—­ 
 193   4                      FreqSelect=0;
 194   4                      Key=0;
 195   4                  }
 196   3              }
 197   2          }
 198   1          
 199   1          if(Key==2)//æ’­æ”¾ Music2
 200   1          {
 201   2              unsigned char MusicSelect=0;
 202   2              while(LED2==0 && Key==2)
 203   2              {       
 204   3                  LCD_ShowString(2,1,"Music2: ~~       ");            
 205   3                  if(Music2[MusicSelect]!=0xff)//åˆ¤æ–­æ˜¯å¦ç»“æŸ
 206   3                  {
 207   4                      FreqSelect=Music2[MusicSelect];
 208   4                      MusicSelect++;
 209   4                      Delay(SPEED/4*Music2[MusicSelect]);//éŸ³ç¬¦å»¶æ—¶
 210   4                      MusicSelect++;
 211   4                      TR0=0;  //å®šæ—¶å™¨å…³é—­
 212   4                      Delay(5);
 213   4                      TR0=1;  //å®šæ—¶å™¨æ‰“å¼€ï¼ˆæ­¤æ“ä½œéš”ç¦»éŸ³ç¬¦ï¼‰
 214   4                  }
 215   3                  else //é€€å‡º
 216   3                  {
 217   4                      TR0=0; //å®šæ—¶å™¨å…³é—­ 
 218   4                      FreqSelect=0;
 219   4                      Key=0;              
 220   4                  }
 221   3              }
 222   2          } 
 223   1          if(Key==3)//æ’­æ”¾ Music2
 224   1          {
 225   2              unsigned char MusicSelect=0;
 226   2              while(LED2==0 && Key==3)
 227   2              {       
 228   3                  LCD_ShowString(2,1,"Music2: ~~       ");            
 229   3                  if(Music3[MusicSelect]!=0xff)//åˆ¤æ–­æ˜¯å¦ç»“æŸ
 230   3                  {
 231   4                      FreqSelect=Music3[MusicSelect];
 232   4                      MusicSelect++;
 233   4                      Delay(SPEED/4*Music3[MusicSelect]);//éŸ³ç¬¦å»¶æ—¶
 234   4                      MusicSelect++;
 235   4                      TR0=0;  //å®šæ—¶å™¨å…³é—­
 236   4                      Delay(5);
 237   4                      TR0=1;  //å®šæ—¶å™¨æ‰“å¼€ï¼ˆæ­¤æ“ä½œéš”ç¦»éŸ³ç¬¦ï¼‰
 238   4                  }
C51 COMPILER V9.54   MAIN                                                                  06/15/2022 15:42:02 PAGE 5   

 239   3                  else //é€€å‡º
 240   3                  {
 241   4                      TR0=0; //å®šæ—¶å™¨å…³é—­ 
 242   4                      FreqSelect=0;
 243   4                      Key=0;              
 244   4                  }
 245   3              }
 246   2          } 
 247   1          
 248   1      } 
 249          
 250          
 251          unsigned int KeyNum,Key;
 252          void main()
 253          {
 254   1          LCD_Init();//LCD1602åˆå§‹åŒ–
 255   1          LCD_ShowString(1,4,"Welcome to");
 256   1          LCD_ShowString(2,4,"Music box!");
 257   1          Delay(1500);
 258   1          LCD_ShowString(1,1,"Select mode:     ");
 259   1          LCD_ShowString(2,1,"Yel:Man Gre:Auto    ");//é»„ç¯ä¸ºæ‰‹åŠ¨å¼¹å¥ï¼Œç»¿ç¯ä¸ºè‡ªåŠ¨æ’­æ”¾ 
 260   1          Delay(1500);
 261   1        
 262   1          while(1)
 263   1          {           
 264   2              LED1 = 1; LED2 = 1;
 265   2              LED1 = mode();  LED2 = !mode();//mode()æ¨¡å¼å‡½æ•°ï¼Œè¿”å›å€¼ä¸º0æ—¶å¼¹å¥æ¨¡å¼ï¼Œä¸º1æ—¶æ’­æ”¾æ¨¡å¼
             -
 266   2              
 267   2              if(LED1==0) //ManualPlayæ‰‹åŠ¨å¼¹å¥
 268   2              { 
 269   3                  KeyNum = MatrixKey();
 270   3                  ManualPlay(KeyNum);
 271   3              }       
 272   2              else if(LED2==0)  //Autoè‡ªåŠ¨æ’­æ”¾
 273   2              {
 274   3                  Key = MatrixKey();
 275   3                  LCD_ShowString(1,1,"Automatic:        ");           
 276   3                  Timer0Init(); //å®šæ—¶å™¨åˆå§‹åŒ–
 277   3                  Autoplay(Key);
 278   3              }
 279   2          }
 280   1      }
 281          
 282          void Timer0_Routine() interrupt 1
 283          {
 284   1          if(AutoFreq[FreqSelect])//åˆ¤æ–­ä¼‘æ­¢ç¬¦
 285   1          {
 286   2              TL0 = AutoFreq[FreqSelect]%256;   //è®¾ç½®å®šæ—¶åˆå€¼
 287   2              TH0 = AutoFreq[FreqSelect]/256;   //è®¾ç½®å®šæ—¶åˆå€¼
 288   2              Buzzer=!Buzzer;
 289   2          }
 290   1      }


MODULE INFORMATION:   STATIC OVERLAYABLE
   CODE SIZE        =    578    ----
   CONSTANT SIZE    =    927    ----
   XDATA SIZE       =   ----    ----
   PDATA SIZE       =   ----    ----
   DATA SIZE        =     39       5
   IDATA SIZE       =   ----    ----
C51 COMPILER V9.54   MAIN                                                                  06/15/2022 15:42:02 PAGE 6   

   BIT SIZE         =   ----    ----
END OF MODULE INFORMATION.


C51 COMPILATION COMPLETE.  0 WARNING(S),  0 ERROR(S)
